d:\jusin\project\nomoreheroes\client\default\x64\debug\client.pch
d:\jusin\project\nomoreheroes\client\default\x64\debug\vc143.pdb
d:\jusin\project\nomoreheroes\client\default\x64\debug\vc143.idb
d:\jusin\project\nomoreheroes\client\default\x64\debug\pch.obj
d:\jusin\project\nomoreheroes\client\default\x64\debug\monster_leopardon.obj
d:\jusin\project\nomoreheroes\client\default\x64\debug\monster_bone.obj
d:\jusin\project\nomoreheroes\client\default\x64\debug\monster.obj
d:\jusin\project\nomoreheroes\client\default\x64\debug\meshmap.obj
d:\jusin\project\nomoreheroes\client\default\x64\debug\mainapp.obj
d:\jusin\project\nomoreheroes\client\default\x64\debug\loader.obj
d:\jusin\project\nomoreheroes\client\default\x64\debug\level_village.obj
d:\jusin\project\nomoreheroes\client\default\x64\debug\level_logo.obj
d:\jusin\project\nomoreheroes\client\default\x64\debug\level_loading.obj
d:\jusin\project\nomoreheroes\client\default\x64\debug\level_gameplay.obj
d:\jusin\project\nomoreheroes\client\default\x64\debug\landobject.obj
d:\jusin\project\nomoreheroes\client\default\x64\debug\coin.obj
d:\jusin\project\nomoreheroes\client\default\x64\debug\camera_manager.obj
d:\jusin\project\nomoreheroes\client\default\x64\debug\camera_free.obj
d:\jusin\project\nomoreheroes\client\default\x64\debug\camera_event.obj
d:\jusin\project\nomoreheroes\client\default\x64\debug\camera_attach.obj
d:\jusin\project\nomoreheroes\client\default\x64\debug\boss.obj
d:\jusin\project\nomoreheroes\client\default\x64\debug\body_player.obj
d:\jusin\project\nomoreheroes\client\default\x64\debug\bike.obj
d:\jusin\project\nomoreheroes\client\default\x64\debug\background.obj
d:\jusin\project\nomoreheroes\client\default\x64\debug\state_bike_nitro.obj
d:\jusin\project\nomoreheroes\client\default\x64\debug\state_bike_minigame_run.obj
d:\jusin\project\nomoreheroes\client\default\x64\debug\state_bike_minigame_idle.obj
d:\jusin\project\nomoreheroes\client\default\x64\debug\state_bike_idle.obj
d:\jusin\project\nomoreheroes\client\default\x64\debug\state_bike_minigame_avoid.obj
d:\jusin\project\nomoreheroes\client\default\x64\debug\state_attack.obj
d:\jusin\project\nomoreheroes\client\default\x64\debug\state_armor_missile.obj
d:\jusin\project\nomoreheroes\client\default\x64\debug\state_appear.obj
d:\jusin\project\nomoreheroes\client\default\x64\debug\sky.obj
d:\jusin\project\nomoreheroes\client\default\x64\debug\sign.obj
d:\jusin\project\nomoreheroes\client\default\x64\debug\projectile_leopardon_ring.obj
d:\jusin\project\nomoreheroes\client\default\x64\debug\projectile.obj
d:\jusin\project\nomoreheroes\client\default\x64\debug\player.obj
d:\jusin\project\nomoreheroes\client\default\x64\debug\partobject.obj
d:\jusin\project\nomoreheroes\client\default\x64\debug\monster_tripleput.obj
d:\jusin\project\nomoreheroes\client\default\x64\debug\landobject_leopardon_teleport.obj
d:\jusin\project\nomoreheroes\client\default\x64\debug\projectile_leopardon_cube.obj
d:\jusin\project\nomoreheroes\client\default\x64\debug\particle_rect.obj
d:\jusin\project\nomoreheroes\client\default\x64\debug\particle_point.obj
d:\jusin\project\nomoreheroes\client\default\x64\debug\npc.obj
d:\jusin\project\nomoreheroes\client\default\x64\debug\state_leopardon_idle.obj
d:\jusin\project\nomoreheroes\client\default\x64\debug\state_leopardon_hit.obj
d:\jusin\project\nomoreheroes\client\default\x64\debug\state_leopardon_beamsword.obj
d:\jusin\project\nomoreheroes\client\default\x64\debug\state_killerslash.obj
d:\jusin\project\nomoreheroes\client\default\x64\debug\state_jump.obj
d:\jusin\project\nomoreheroes\client\default\x64\debug\state_idle.obj
d:\jusin\project\nomoreheroes\client\default\x64\debug\state_hit.obj
d:\jusin\project\nomoreheroes\client\default\x64\debug\state_heavyattack.obj
d:\jusin\project\nomoreheroes\client\default\x64\debug\state_guard.obj
d:\jusin\project\nomoreheroes\client\default\x64\debug\state_falldown.obj
d:\jusin\project\nomoreheroes\client\default\x64\debug\state_dodge.obj
d:\jusin\project\nomoreheroes\client\default\x64\debug\state_deathkick.obj
d:\jusin\project\nomoreheroes\client\default\x64\debug\state_dashattack.obj
d:\jusin\project\nomoreheroes\client\default\x64\debug\state_bone_walk.obj
d:\jusin\project\nomoreheroes\client\default\x64\debug\state_bone_idle.obj
d:\jusin\project\nomoreheroes\client\default\x64\debug\state_bone_hit.obj
d:\jusin\project\nomoreheroes\client\default\x64\debug\state_bone_attack.obj
d:\jusin\project\nomoreheroes\client\default\x64\debug\state_bike_turn.obj
d:\jusin\project\nomoreheroes\client\default\x64\debug\state_bike_sit.obj
d:\jusin\project\nomoreheroes\client\default\x64\debug\state_bike_run.obj
d:\jusin\project\nomoreheroes\client\default\x64\debug\state_vehicle_jump.obj
d:\jusin\project\nomoreheroes\client\default\x64\debug\state_vehicle_idle.obj
d:\jusin\project\nomoreheroes\client\default\x64\debug\state_vehicle_call.obj
d:\jusin\project\nomoreheroes\client\default\x64\debug\state_vehicle_back.obj
d:\jusin\project\nomoreheroes\client\default\x64\debug\state_tripleput_walk.obj
d:\jusin\project\nomoreheroes\client\default\x64\debug\state_tripleput_spin.obj
d:\jusin\project\nomoreheroes\client\default\x64\debug\state_tripleput_rush.obj
d:\jusin\project\nomoreheroes\client\default\x64\debug\state_tripleput_invisible.obj
d:\jusin\project\nomoreheroes\client\default\x64\debug\state_tripleput_idle.obj
d:\jusin\project\nomoreheroes\client\default\x64\debug\state_tripleput_hit.obj
d:\jusin\project\nomoreheroes\client\default\x64\debug\state_transform.obj
d:\jusin\project\nomoreheroes\client\default\x64\debug\state_throw.obj
d:\jusin\project\nomoreheroes\client\default\x64\debug\state_run.obj
d:\jusin\project\nomoreheroes\client\default\x64\debug\state_rising.obj
d:\jusin\project\nomoreheroes\client\default\x64\debug\state_perfectdodge.obj
d:\jusin\project\nomoreheroes\client\default\x64\debug\state_leopardon_warp.obj
d:\jusin\project\nomoreheroes\client\default\x64\debug\state_leopardon_squarewall.obj
d:\jusin\project\nomoreheroes\client\default\x64\debug\state_leopardon_ring.obj
d:\jusin\project\nomoreheroes\client\default\x64\debug\state_leopardon_occurrence.obj
d:\jusin\project\nomoreheroes\client\default\x64\debug\state_leopardon_laserbeam.obj
d:\jusin\project\nomoreheroes\client\default\x64\debug\client.obj
d:\jusin\project\nomoreheroes\client\default\x64\debug\weapon_leopardon.obj
d:\jusin\project\nomoreheroes\client\default\x64\debug\weapon_bone.obj
d:\jusin\project\nomoreheroes\client\default\x64\debug\ui_teleport.obj
d:\jusin\project\nomoreheroes\client\default\x64\debug\ui_target.obj
d:\jusin\project\nomoreheroes\client\default\x64\debug\ui_questboard.obj
d:\jusin\project\nomoreheroes\client\default\x64\debug\ui_manager.obj
d:\jusin\project\nomoreheroes\client\default\x64\debug\ui_hp_monster.obj
d:\jusin\project\nomoreheroes\client\default\x64\debug\ui_hp_player.obj
d:\jusin\project\nomoreheroes\client\default\x64\debug\ui_coin.obj
d:\jusin\project\nomoreheroes\client\default\x64\debug\ui.obj
d:\jusin\project\nomoreheroes\client\default\x64\debug\trigger.obj
d:\jusin\project\nomoreheroes\client\default\x64\debug\terrain.obj
d:\jusin\project\nomoreheroes\client\default\x64\debug\staticobject.obj
d:\jusin\project\nomoreheroes\client\default\x64\debug\state_vehicle_turn.obj
d:\jusin\project\nomoreheroes\client\default\x64\debug\state_vehicle_run.obj
d:\jusin\project\nomoreheroes\client\default\x64\debug\particle.obj
d:\jusin\project\nomoreheroes\client\default\x64\debug\effect_manager.obj
d:\jusin\project\nomoreheroes\client\default\x64\debug\trail.obj
d:\jusin\project\nomoreheroes\client\default\x64\debug\effect_texture.obj
d:\jusin\project\nomoreheroes\client\default\x64\debug\effect.obj
d:\jusin\project\nomoreheroes\client\default\x64\debug\swordtrail.obj
d:\jusin\project\nomoreheroes\client\default\x64\debug\motiontrail.obj
d:\jusin\project\nomoreheroes\client\default\x64\debug\weapon.obj
d:\jusin\project\nomoreheroes\client\default\x64\debug\meshtrail.obj
d:\jusin\project\nomoreheroes\client\default\x64\debug\effect_slash.obj
d:\jusin\project\nomoreheroes\client\default\x64\debug\rushtrail.obj
d:\jusin\project\nomoreheroes\client\default\x64\debug\sound_manager.obj
d:\jusin\project\nomoreheroes\client\default\x64\debug\effect_pillar.obj
d:\jusin\project\nomoreheroes\client\default\x64\debug\ui_hp_boss.obj
d:\jusin\project\nomoreheroes\client\default\x64\debug\effect_distortion.obj
d:\jusin\project\nomoreheroes\client\default\x64\debug\ui_fade.obj
d:\jusin\project\nomoreheroes\client\bin\shader_effectmesh.cso
d:\jusin\project\nomoreheroes\client\bin\shader_effecttexture.cso
d:\jusin\project\nomoreheroes\client\bin\shader_trail.cso
d:\jusin\project\nomoreheroes\client\bin\shader_vtxanimmesh.cso
d:\jusin\project\nomoreheroes\client\bin\shader_vtxcube.cso
d:\jusin\project\nomoreheroes\client\bin\shader_vtxnortex.cso
d:\jusin\project\nomoreheroes\client\bin\shader_vtxpointinstance.cso
d:\jusin\project\nomoreheroes\client\bin\shader_vtxpostexinstance.cso
d:\jusin\project\nomoreheroes\client\bin\shader_vtxpostexpoint.cso
d:\jusin\project\nomoreheroes\client\bin\shader_vtxrectinstance.cso
d:\jusin\project\nomoreheroes\client\bin\shader_vtxuipointinstance.cso
d:\jusin\project\nomoreheroes\client\bin\shader_vtxmesh.cso
d:\jusin\project\nomoreheroes\client\bin\shader_vtxpostex.cso
d:\jusin\project\nomoreheroes\client\bin\client.exe
d:\jusin\project\nomoreheroes\client\default\x64\debug\client.ilk
d:\jusin\project\nomoreheroes\client\bin\client.pdb
d:\jusin\project\nomoreheroes\client\default\x64\debug\client.res
d:\jusin\project\nomoreheroes\client\default\x64\debug\background.obj.enc
d:\jusin\project\nomoreheroes\client\default\x64\debug\body_player.obj.enc
d:\jusin\project\nomoreheroes\client\default\x64\debug\effect_texture.obj.enc
d:\jusin\project\nomoreheroes\client\default\x64\debug\level_gameplay.obj.enc
d:\jusin\project\nomoreheroes\client\default\x64\debug\loader.obj.enc
d:\jusin\project\nomoreheroes\client\default\x64\debug\monster_bone.obj.enc
d:\jusin\project\nomoreheroes\client\default\x64\debug\monster_leopardon.obj.enc
d:\jusin\project\nomoreheroes\client\default\x64\debug\particle.obj.enc
d:\jusin\project\nomoreheroes\client\default\x64\debug\player.obj.enc
d:\jusin\project\nomoreheroes\client\default\x64\debug\projectile_leopardon_cube.obj.enc
d:\jusin\project\nomoreheroes\client\default\x64\debug\projectile_leopardon_ring.obj.enc
d:\jusin\project\nomoreheroes\client\default\x64\debug\state_appear.obj.enc
d:\jusin\project\nomoreheroes\client\default\x64\debug\state_bike_minigame_idle.obj.enc
d:\jusin\project\nomoreheroes\client\default\x64\debug\state_bone_hit.obj.enc
d:\jusin\project\nomoreheroes\client\default\x64\debug\state_jump.obj.enc
d:\jusin\project\nomoreheroes\client\default\x64\debug\state_leopardon_beamsword.obj.enc
d:\jusin\project\nomoreheroes\client\default\x64\debug\state_leopardon_laserbeam.obj.enc
d:\jusin\project\nomoreheroes\client\default\x64\debug\state_leopardon_occurrence.obj.enc
d:\jusin\project\nomoreheroes\client\default\x64\debug\state_leopardon_ring.obj.enc
d:\jusin\project\nomoreheroes\client\default\x64\debug\state_leopardon_squarewall.obj.enc
d:\jusin\project\nomoreheroes\client\default\x64\debug\state_leopardon_warp.obj.enc
d:\jusin\project\nomoreheroes\client\default\x64\debug\state_tripleput_hit.new.obj.enc
d:\jusin\project\nomoreheroes\client\default\x64\debug\state_tripleput_rush.obj.enc
d:\jusin\project\nomoreheroes\client\default\x64\debug\trail.obj.enc
d:\jusin\project\nomoreheroes\client\default\x64\debug\trigger.obj.enc
d:\jusin\project\nomoreheroes\client\default\x64\debug\weapon.obj.enc
d:\jusin\project\nomoreheroes\client\default\x64\debug\client.tlog\cl.command.1.tlog
d:\jusin\project\nomoreheroes\client\default\x64\debug\client.tlog\cl.read.1.tlog
d:\jusin\project\nomoreheroes\client\default\x64\debug\client.tlog\cl.write.1.tlog
d:\jusin\project\nomoreheroes\client\default\x64\debug\client.tlog\fxc.command.1.tlog
d:\jusin\project\nomoreheroes\client\default\x64\debug\client.tlog\fxc.read.1.tlog
d:\jusin\project\nomoreheroes\client\default\x64\debug\client.tlog\fxc.write.1.tlog
d:\jusin\project\nomoreheroes\client\default\x64\debug\client.tlog\link.command.1.tlog
d:\jusin\project\nomoreheroes\client\default\x64\debug\client.tlog\link.read.1.tlog
d:\jusin\project\nomoreheroes\client\default\x64\debug\client.tlog\link.write.1.tlog
d:\jusin\project\nomoreheroes\client\default\x64\debug\client.tlog\rc.command.1.tlog
d:\jusin\project\nomoreheroes\client\default\x64\debug\client.tlog\rc.read.1.tlog
d:\jusin\project\nomoreheroes\client\default\x64\debug\client.tlog\rc.write.1.tlog
