d:\jusin\project\nomoreheroes\engine\default\x64\debug\vc143.pdb
d:\jusin\project\nomoreheroes\engine\default\x64\debug\vc143.idb
d:\jusin\project\nomoreheroes\engine\default\x64\debug\statemachine.obj
d:\jusin\project\nomoreheroes\engine\default\x64\debug\state.obj
d:\jusin\project\nomoreheroes\engine\default\x64\debug\picking.obj
d:\jusin\project\nomoreheroes\engine\default\x64\debug\navigation.obj
d:\jusin\project\nomoreheroes\engine\default\x64\debug\level_manager.obj
d:\jusin\project\nomoreheroes\engine\default\x64\debug\level.obj
d:\jusin\project\nomoreheroes\engine\default\x64\debug\gameobject.obj
d:\jusin\project\nomoreheroes\engine\default\x64\debug\gameinstance.obj
d:\jusin\project\nomoreheroes\engine\default\x64\debug\component_manager.obj
d:\jusin\project\nomoreheroes\engine\default\x64\debug\component.obj
d:\jusin\project\nomoreheroes\engine\default\x64\debug\collider.obj
d:\jusin\project\nomoreheroes\engine\default\x64\debug\camera.obj
d:\jusin\project\nomoreheroes\engine\default\x64\debug\binarymodel.obj
d:\jusin\project\nomoreheroes\engine\default\x64\debug\binarymesh.obj
d:\jusin\project\nomoreheroes\engine\default\x64\debug\binarychannel.obj
d:\jusin\project\nomoreheroes\engine\default\x64\debug\debugdraw.obj
d:\jusin\project\nomoreheroes\engine\default\x64\debug\customfont.obj
d:\jusin\project\nomoreheroes\engine\default\x64\debug\collision_manager.obj
d:\jusin\project\nomoreheroes\engine\default\x64\debug\channel.obj
d:\jusin\project\nomoreheroes\engine\default\x64\debug\cell.obj
d:\jusin\project\nomoreheroes\engine\default\x64\debug\bounding_sphere.obj
d:\jusin\project\nomoreheroes\engine\default\x64\debug\bounding_obb.obj
d:\jusin\project\nomoreheroes\engine\default\x64\debug\bounding_aabb.obj
d:\jusin\project\nomoreheroes\engine\default\x64\debug\bounding.obj
d:\jusin\project\nomoreheroes\engine\default\x64\debug\bone.obj
d:\jusin\project\nomoreheroes\engine\default\x64\debug\binarybone.obj
d:\jusin\project\nomoreheroes\engine\default\x64\debug\binaryanimation.obj
d:\jusin\project\nomoreheroes\engine\default\x64\debug\animation.obj
d:\jusin\project\nomoreheroes\engine\default\x64\debug\renderer.obj
d:\jusin\project\nomoreheroes\engine\default\x64\debug\pipeline.obj
d:\jusin\project\nomoreheroes\engine\default\x64\debug\object_manager.obj
d:\jusin\project\nomoreheroes\engine\default\x64\debug\modelparser.obj
d:\jusin\project\nomoreheroes\engine\default\x64\debug\model.obj
d:\jusin\project\nomoreheroes\engine\default\x64\debug\mesh.obj
d:\jusin\project\nomoreheroes\engine\default\x64\debug\light_manager.obj
d:\jusin\project\nomoreheroes\engine\default\x64\debug\light.obj
d:\jusin\project\nomoreheroes\engine\default\x64\debug\layer.obj
d:\jusin\project\nomoreheroes\engine\default\x64\debug\graphic_device.obj
d:\jusin\project\nomoreheroes\engine\default\x64\debug\game_manager.obj
d:\jusin\project\nomoreheroes\engine\default\x64\debug\font_manager.obj
d:\jusin\project\nomoreheroes\engine\default\x64\debug\file_manager.obj
d:\jusin\project\nomoreheroes\engine\default\x64\debug\engine_struct.obj
d:\jusin\project\nomoreheroes\engine\default\x64\debug\vibuffer_terrain.obj
d:\jusin\project\nomoreheroes\engine\default\x64\debug\vibuffer_rect.obj
d:\jusin\project\nomoreheroes\engine\default\x64\debug\vibuffer_heightterrain.obj
d:\jusin\project\nomoreheroes\engine\default\x64\debug\vibuffer_cube.obj
d:\jusin\project\nomoreheroes\engine\default\x64\debug\vibuffer_cell.obj
d:\jusin\project\nomoreheroes\engine\default\x64\debug\vibuffer.obj
d:\jusin\project\nomoreheroes\engine\default\x64\debug\transform.obj
d:\jusin\project\nomoreheroes\engine\default\x64\debug\timer_manager.obj
d:\jusin\project\nomoreheroes\engine\default\x64\debug\timer.obj
d:\jusin\project\nomoreheroes\engine\default\x64\debug\texture.obj
d:\jusin\project\nomoreheroes\engine\default\x64\debug\sphericalcoordinates.obj
d:\jusin\project\nomoreheroes\engine\default\x64\debug\shader.obj
d:\jusin\project\nomoreheroes\engine\default\x64\debug\input_device.obj
d:\jusin\project\nomoreheroes\engine\default\x64\debug\vibuffer_instancing.obj
d:\jusin\project\nomoreheroes\engine\default\x64\debug\vibuffer_particle_rect.obj
d:\jusin\project\nomoreheroes\engine\default\x64\debug\vibuffer_particle_point.obj
d:\jusin\project\nomoreheroes\engine\default\x64\debug\rendertarget.obj
d:\jusin\project\nomoreheroes\engine\default\x64\debug\target_manager.obj
d:\jusin\project\nomoreheroes\engine\default\x64\debug\camera_manager.obj
d:\jusin\project\nomoreheroes\engine\default\x64\debug\vibuffer_particle_point_ui.obj
d:\jusin\project\nomoreheroes\engine\bin\shader_cell.cso
d:\jusin\project\nomoreheroes\engine\bin\shader_deferred.cso
d:\jusin\project\nomoreheroes\engine\bin\engine.lib
d:\jusin\project\nomoreheroes\engine\bin\engine.exp
d:\jusin\project\nomoreheroes\engine\bin\engine.dll
d:\jusin\project\nomoreheroes\engine\default\x64\debug\engine.ilk
d:\jusin\project\nomoreheroes\engine\bin\engine.pdb
d:\jusin\project\nomoreheroes\engine\default\x64\debug\navigation.obj.enc
d:\jusin\project\nomoreheroes\engine\default\x64\debug\object_manager.obj.enc
d:\jusin\project\nomoreheroes\engine\default\x64\debug\engine.tlog\cl.command.1.tlog
d:\jusin\project\nomoreheroes\engine\default\x64\debug\engine.tlog\cl.read.1.tlog
d:\jusin\project\nomoreheroes\engine\default\x64\debug\engine.tlog\cl.write.1.tlog
d:\jusin\project\nomoreheroes\engine\default\x64\debug\engine.tlog\fxc.command.1.tlog
d:\jusin\project\nomoreheroes\engine\default\x64\debug\engine.tlog\fxc.read.1.tlog
d:\jusin\project\nomoreheroes\engine\default\x64\debug\engine.tlog\fxc.write.1.tlog
d:\jusin\project\nomoreheroes\engine\default\x64\debug\engine.tlog\link.command.1.tlog
d:\jusin\project\nomoreheroes\engine\default\x64\debug\engine.tlog\link.read.1.tlog
d:\jusin\project\nomoreheroes\engine\default\x64\debug\engine.tlog\link.write.1.tlog
d:\jusin\project\nomoreheroes\engine\default\x64\debug\engine.tlog\link.write.2u.tlog
