d:\jusin\project\nomoreheroes\tool\default\x64\debug\tool.pch
d:\jusin\project\nomoreheroes\tool\default\x64\debug\vc143.pdb
d:\jusin\project\nomoreheroes\tool\default\x64\debug\vc143.idb
d:\jusin\project\nomoreheroes\tool\default\x64\debug\pch.obj
d:\jusin\project\nomoreheroes\tool\default\x64\debug\tool.obj
d:\jusin\project\nomoreheroes\tool\default\x64\debug\terrain.obj
d:\jusin\project\nomoreheroes\tool\default\x64\debug\player.obj
d:\jusin\project\nomoreheroes\tool\default\x64\debug\mainapp.obj
d:\jusin\project\nomoreheroes\tool\default\x64\debug\loader.obj
d:\jusin\project\nomoreheroes\tool\default\x64\debug\level_maptool.obj
d:\jusin\project\nomoreheroes\tool\default\x64\debug\staticmodel.obj
d:\jusin\project\nomoreheroes\tool\default\x64\debug\imgui_manager.obj
d:\jusin\project\nomoreheroes\tool\default\x64\debug\camera_manager.obj
d:\jusin\project\nomoreheroes\tool\default\x64\debug\camera_free.obj
d:\jusin\project\nomoreheroes\tool\default\x64\debug\imgui_widgets.obj
d:\jusin\project\nomoreheroes\tool\default\x64\debug\imgui_tables.obj
d:\jusin\project\nomoreheroes\tool\default\x64\debug\imgui_impl_win32.obj
d:\jusin\project\nomoreheroes\tool\default\x64\debug\imgui_impl_dx11.obj
d:\jusin\project\nomoreheroes\tool\default\x64\debug\imgui_draw.obj
d:\jusin\project\nomoreheroes\tool\default\x64\debug\imgui_demo.obj
d:\jusin\project\nomoreheroes\tool\default\x64\debug\imgui.obj
d:\jusin\project\nomoreheroes\tool\default\x64\debug\imsequencer.obj
d:\jusin\project\nomoreheroes\tool\default\x64\debug\imgradient.obj
d:\jusin\project\nomoreheroes\tool\default\x64\debug\imcurveedit.obj
d:\jusin\project\nomoreheroes\tool\default\x64\debug\grapheditor.obj
d:\jusin\project\nomoreheroes\tool\default\x64\debug\imguizmo.obj
d:\jusin\project\nomoreheroes\tool\default\x64\debug\background.obj
d:\jusin\project\nomoreheroes\tool\default\x64\debug\level_loading.obj
d:\jusin\project\nomoreheroes\tool\bin\shader_vtxnortex.cso
d:\jusin\project\nomoreheroes\tool\bin\shader_vtxmesh.cso
d:\jusin\project\nomoreheroes\tool\bin\shader_vtxanimmesh.cso
d:\jusin\project\nomoreheroes\tool\bin\shader_vtxpostex.cso
d:\jusin\project\nomoreheroes\tool\bin\tool.exe
d:\jusin\project\nomoreheroes\tool\default\x64\debug\tool.ilk
d:\jusin\project\nomoreheroes\tool\bin\tool.pdb
d:\jusin\project\nomoreheroes\tool\default\x64\debug\tool.res
d:\jusin\project\nomoreheroes\tool\default\x64\debug\level_loading.obj.enc
d:\jusin\project\nomoreheroes\tool\default\x64\debug\tool.tlog\cl.command.1.tlog
d:\jusin\project\nomoreheroes\tool\default\x64\debug\tool.tlog\cl.read.1.tlog
d:\jusin\project\nomoreheroes\tool\default\x64\debug\tool.tlog\cl.write.1.tlog
d:\jusin\project\nomoreheroes\tool\default\x64\debug\tool.tlog\fxc.command.1.tlog
d:\jusin\project\nomoreheroes\tool\default\x64\debug\tool.tlog\fxc.read.1.tlog
d:\jusin\project\nomoreheroes\tool\default\x64\debug\tool.tlog\fxc.write.1.tlog
d:\jusin\project\nomoreheroes\tool\default\x64\debug\tool.tlog\link-cvtres.read.1.tlog
d:\jusin\project\nomoreheroes\tool\default\x64\debug\tool.tlog\link-cvtres.write.1.tlog
d:\jusin\project\nomoreheroes\tool\default\x64\debug\tool.tlog\link-rc.read.1.tlog
d:\jusin\project\nomoreheroes\tool\default\x64\debug\tool.tlog\link-rc.write.1.tlog
d:\jusin\project\nomoreheroes\tool\default\x64\debug\tool.tlog\link.48604-cvtres.read.1.tlog
d:\jusin\project\nomoreheroes\tool\default\x64\debug\tool.tlog\link.48604-cvtres.write.1.tlog
d:\jusin\project\nomoreheroes\tool\default\x64\debug\tool.tlog\link.48604-rc.read.1.tlog
d:\jusin\project\nomoreheroes\tool\default\x64\debug\tool.tlog\link.48604-rc.write.1.tlog
d:\jusin\project\nomoreheroes\tool\default\x64\debug\tool.tlog\link.48604.read.1.tlog
d:\jusin\project\nomoreheroes\tool\default\x64\debug\tool.tlog\link.48604.read.2.tlog
d:\jusin\project\nomoreheroes\tool\default\x64\debug\tool.tlog\link.48604.write.1.tlog
d:\jusin\project\nomoreheroes\tool\default\x64\debug\tool.tlog\link.command.1.tlog
d:\jusin\project\nomoreheroes\tool\default\x64\debug\tool.tlog\link.read.1.tlog
d:\jusin\project\nomoreheroes\tool\default\x64\debug\tool.tlog\link.read.2.tlog
d:\jusin\project\nomoreheroes\tool\default\x64\debug\tool.tlog\link.write.1.tlog
d:\jusin\project\nomoreheroes\tool\default\x64\debug\tool.tlog\rc.command.1.tlog
d:\jusin\project\nomoreheroes\tool\default\x64\debug\tool.tlog\rc.read.1.tlog
d:\jusin\project\nomoreheroes\tool\default\x64\debug\tool.tlog\rc.write.1.tlog
